<?xml version="1.0" encoding="UTF-8"?>
<!-- Generated by org.testng.reporters.JUnitReportReporter -->
<testsuite skipped="0" hostname="DESKTOP-ADCM4MU" name="com.anb.signin.Page_Test" tests="1" failures="0" timestamp="11 Aug 2019 09:35:57 GMT" time="12.819" errors="0">
  <testcase name="validateAndroidReferencePageElements" time="12.819" classname="com.anb.signin.Page_Test"/>
</testsuite> <!-- com.anb.signin.Page_Test -->
